# JRE version: OpenJDK Runtime Environment Temurin-21.0.8+9 (21.0.8+9) (build 21.0.8+9-LTS)
# Java VM: OpenJDK 64-Bit Server VM Temurin-21.0.8+9 (21.0.8+9-LTS, mixed mode, sharing, tiered, compressed oops, compressed class ptrs, parallel gc, windows-amd64)
GC Precious Log:
 CardTable entry size: 512
 CPUs: 8 total, 8 available
 Memory: 16078M
 Large Page Support: Disabled
 NUMA Support: Disabled
 Compressed Oops: Enabled (32-bit)
 Alignments: Space 512K, Generation 512K, Heap 2M
 Heap Min Capacity: 100M
 Heap Initial Capacity: 100M
 Heap Max Capacity: 2G
 Pre-touch: Disabled
 Parallel Workers: 8
Heap:
 PSYoungGen      total 12800K, used 3662K [0x00000000d5580000, 0x00000000d6900000, 0x0000000100000000)
  eden space 12288K, 27% used [0x00000000d5580000,0x00000000d58d39b0,0x00000000d6180000)
  from space 512K, 50% used [0x00000000d6800000,0x00000000d6840000,0x00000000d6880000)
  to   space 512K, 0% used [0x00000000d6880000,0x00000000d6880000,0x00000000d6900000)
 ParOldGen       total 590336K, used 588397K [0x0000000080000000, 0x00000000a4080000, 0x00000000d5580000)
  object space 590336K, 99% used [0x0000000080000000,0x00000000a3e9b588,0x00000000a4080000)
 Metaspace       used 68065K, committed 69760K, reserved 1114112K
  class space    used 7074K, committed 7808K, reserved 1048576K
GC Heap History (20 events):
Event: 21.970 GC heap before
{Heap before GC invocations=639 (full 3):
 PSYoungGen      total 13312K, used 13312K [0x00000000d5580000, 0x00000000d6580000, 0x0000000100000000)
  eden space 12288K, 100% used [0x00000000d5580000,0x00000000d6180000,0x00000000d6180000)
  from space 1024K, 100% used [0x00000000d6300000,0x00000000d6400000,0x00000000d6400000)
  to   space 1536K, 0% used [0x00000000d6400000,0x00000000d6400000,0x00000000d6580000)
 ParOldGen       total 478720K, used 478601K [0x0000000080000000, 0x000000009d380000, 0x00000000d5580000)
  object space 478720K, 99% used [0x0000000080000000,0x000000009d3625d8,0x000000009d380000)
 Metaspace       used 65949K, committed 67584K, reserved 1114112K
  class space    used 6858K, committed 7552K, reserved 1048576K
}
Event: 21.974 GC heap after
{Heap after GC invocations=639 (full 3):
 PSYoungGen      total 13824K, used 1472K [0x00000000d5580000, 0x00000000d6580000, 0x0000000100000000)
  eden space 12288K, 0% used [0x00000000d5580000,0x00000000d5580000,0x00000000d6180000)
  from space 1536K, 95% used [0x00000000d6400000,0x00000000d6570000,0x00000000d6580000)
  to   space 1536K, 0% used [0x00000000d6280000,0x00000000d6280000,0x00000000d6400000)
 ParOldGen       total 479744K, used 479438K [0x0000000080000000, 0x000000009d480000, 0x00000000d5580000)
  object space 479744K, 99% used [0x0000000080000000,0x000000009d4339c8,0x000000009d480000)
 Metaspace       used 65949K, committed 67584K, reserved 1114112K
  class space    used 6858K, committed 7552K, reserved 1048576K
}
Event: 22.177 GC heap before
{Heap before GC invocations=640 (full 3):
 PSYoungGen      total 13824K, used 13760K [0x00000000d5580000, 0x00000000d6580000, 0x0000000100000000)
  eden space 12288K, 100% used [0x00000000d5580000,0x00000000d6180000,0x00000000d6180000)
  from space 1536K, 95% used [0x00000000d6400000,0x00000000d6570000,0x00000000d6580000)
  to   space 1536K, 0% used [0x00000000d6280000,0x00000000d6280000,0x00000000d6400000)
 ParOldGen       total 479744K, used 479438K [0x0000000080000000, 0x000000009d480000, 0x00000000d5580000)
  object space 479744K, 99% used [0x0000000080000000,0x000000009d4339c8,0x000000009d480000)
 Metaspace       used 66003K, committed 67648K, reserved 1114112K
  class space    used 6858K, committed 7552K, reserved 1048576K
}
Event: 22.183 GC heap after
{Heap after GC invocations=640 (full 3):
 PSYoungGen      total 13824K, used 1518K [0x00000000d5580000, 0x00000000d7280000, 0x0000000100000000)
  eden space 12288K, 0% used [0x00000000d5580000,0x00000000d5580000,0x00000000d6180000)
  from space 1536K, 98% used [0x00000000d6280000,0x00000000d63fbae0,0x00000000d6400000)
  to   space 8704K, 0% used [0x00000000d6a00000,0x00000000d6a00000,0x00000000d7280000)
 ParOldGen       total 485376K, used 485262K [0x0000000080000000, 0x000000009da00000, 0x00000000d5580000)
  object space 485376K, 99% used [0x0000000080000000,0x000000009d9e39e0,0x000000009da00000)
 Metaspace       used 66003K, committed 67648K, reserved 1114112K
  class space    used 6858K, committed 7552K, reserved 1048576K
}
Event: 22.415 GC heap before
{Heap before GC invocations=641 (full 3):
 PSYoungGen      total 13824K, used 13806K [0x00000000d5580000, 0x00000000d7280000, 0x0000000100000000)
  eden space 12288K, 100% used [0x00000000d5580000,0x00000000d6180000,0x00000000d6180000)
  from space 1536K, 98% used [0x00000000d6280000,0x00000000d63fbae0,0x00000000d6400000)
  to   space 8704K, 0% used [0x00000000d6a00000,0x00000000d6a00000,0x00000000d7280000)
 ParOldGen       total 485376K, used 485262K [0x0000000080000000, 0x000000009da00000, 0x00000000d5580000)
  object space 485376K, 99% used [0x0000000080000000,0x000000009d9e39e0,0x000000009da00000)
 Metaspace       used 66160K, committed 67776K, reserved 1114112K
  class space    used 6858K, committed 7552K, reserved 1048576K
}
Event: 22.420 GC heap after
{Heap after GC invocations=641 (full 3):
 PSYoungGen      total 13824K, used 1440K [0x00000000d5580000, 0x00000000d6b80000, 0x0000000100000000)
  eden space 12288K, 0% used [0x00000000d5580000,0x00000000d5580000,0x00000000d6180000)
  from space 1536K, 93% used [0x00000000d6a00000,0x00000000d6b68000,0x00000000d6b80000)
  to   space 3584K, 0% used [0x00000000d6480000,0x00000000d6480000,0x00000000d6800000)
 ParOldGen       total 485888K, used 485476K [0x0000000080000000, 0x000000009da80000, 0x00000000d5580000)
  object space 485888K, 99% used [0x0000000080000000,0x000000009da19260,0x000000009da80000)
 Metaspace       used 66160K, committed 67776K, reserved 1114112K
  class space    used 6858K, committed 7552K, reserved 1048576K
}
Event: 22.473 GC heap before
{Heap before GC invocations=642 (full 3):
 PSYoungGen      total 13824K, used 13728K [0x00000000d5580000, 0x00000000d6b80000, 0x0000000100000000)
  eden space 12288K, 100% used [0x00000000d5580000,0x00000000d6180000,0x00000000d6180000)
  from space 1536K, 93% used [0x00000000d6a00000,0x00000000d6b68000,0x00000000d6b80000)
  to   space 3584K, 0% used [0x00000000d6480000,0x00000000d6480000,0x00000000d6800000)
 ParOldGen       total 485888K, used 485476K [0x0000000080000000, 0x000000009da80000, 0x00000000d5580000)
  object space 485888K, 99% used [0x0000000080000000,0x000000009da19260,0x000000009da80000)
 Metaspace       used 66169K, committed 67776K, reserved 1114112K
  class space    used 6858K, committed 7552K, reserved 1048576K
}
Event: 22.476 GC heap after
{Heap after GC invocations=642 (full 3):
 PSYoungGen      total 15872K, used 928K [0x00000000d5580000, 0x00000000d6a80000, 0x0000000100000000)
  eden space 12288K, 0% used [0x00000000d5580000,0x00000000d5580000,0x00000000d6180000)
  from space 3584K, 25% used [0x00000000d6480000,0x00000000d6568000,0x00000000d6800000)
  to   space 1536K, 0% used [0x00000000d6900000,0x00000000d6900000,0x00000000d6a80000)
 ParOldGen       total 486912K, used 486570K [0x0000000080000000, 0x000000009db80000, 0x00000000d5580000)
  object space 486912K, 99% used [0x0000000080000000,0x000000009db2a918,0x000000009db80000)
 Metaspace       used 66169K, committed 67776K, reserved 1114112K
  class space    used 6858K, committed 7552K, reserved 1048576K
}
Event: 22.675 GC heap before
{Heap before GC invocations=643 (full 3):
 PSYoungGen      total 15872K, used 13216K [0x00000000d5580000, 0x00000000d6a80000, 0x0000000100000000)
  eden space 12288K, 100% used [0x00000000d5580000,0x00000000d6180000,0x00000000d6180000)
  from space 3584K, 25% used [0x00000000d6480000,0x00000000d6568000,0x00000000d6800000)
  to   space 1536K, 0% used [0x00000000d6900000,0x00000000d6900000,0x00000000d6a80000)
 ParOldGen       total 486912K, used 486570K [0x0000000080000000, 0x000000009db80000, 0x00000000d5580000)
  object space 486912K, 99% used [0x0000000080000000,0x000000009db2a918,0x000000009db80000)
 Metaspace       used 66668K, committed 68288K, reserved 1114112K
  class space    used 6899K, committed 7552K, reserved 1048576K
}
Event: 22.678 GC heap after
{Heap after GC invocations=643 (full 3):
 PSYoungGen      total 13312K, used 605K [0x00000000d5580000, 0x00000000d6a00000, 0x0000000100000000)
  eden space 12288K, 0% used [0x00000000d5580000,0x00000000d5580000,0x00000000d6180000)
  from space 1024K, 59% used [0x00000000d6900000,0x00000000d6997490,0x00000000d6a00000)
  to   space 1024K, 0% used [0x00000000d6800000,0x00000000d6800000,0x00000000d6900000)
 ParOldGen       total 487424K, used 487170K [0x0000000080000000, 0x000000009dc00000, 0x00000000d5580000)
  object space 487424K, 99% used [0x0000000080000000,0x000000009dbc0918,0x000000009dc00000)
 Metaspace       used 66668K, committed 68288K, reserved 1114112K
  class space    used 6899K, committed 7552K, reserved 1048576K
}
Event: 22.898 GC heap before
{Heap before GC invocations=644 (full 3):
 PSYoungGen      total 13312K, used 12893K [0x00000000d5580000, 0x00000000d6a00000, 0x0000000100000000)
  eden space 12288K, 99% used [0x00000000d5580000,0x00000000d617fff8,0x00000000d6180000)
  from space 1024K, 59% used [0x00000000d6900000,0x00000000d6997490,0x00000000d6a00000)
  to   space 1024K, 0% used [0x00000000d6800000,0x00000000d6800000,0x00000000d6900000)
 ParOldGen       total 487424K, used 487170K [0x0000000080000000, 0x000000009dc00000, 0x00000000d5580000)
  object space 487424K, 99% used [0x0000000080000000,0x000000009dbc0918,0x000000009dc00000)
 Metaspace       used 67492K, committed 69120K, reserved 1114112K
  class space    used 7027K, committed 7744K, reserved 1048576K
}
Event: 22.900 GC heap after
{Heap after GC invocations=644 (full 3):
 PSYoungGen      total 12800K, used 448K [0x00000000d5580000, 0x00000000d6980000, 0x0000000100000000)
  eden space 12288K, 0% used [0x00000000d5580000,0x00000000d5580000,0x00000000d6180000)
  from space 512K, 87% used [0x00000000d6800000,0x00000000d6870000,0x00000000d6880000)
  to   space 1024K, 0% used [0x00000000d6880000,0x00000000d6880000,0x00000000d6980000)
 ParOldGen       total 487936K, used 487646K [0x0000000080000000, 0x000000009dc80000, 0x00000000d5580000)
  object space 487936K, 99% used [0x0000000080000000,0x000000009dc37bf0,0x000000009dc80000)
 Metaspace       used 67492K, committed 69120K, reserved 1114112K
  class space    used 7027K, committed 7744K, reserved 1048576K
}
Event: 305.419 GC heap before
{Heap before GC invocations=645 (full 3):
 PSYoungGen      total 12800K, used 12735K [0x00000000d5580000, 0x00000000d6980000, 0x0000000100000000)
  eden space 12288K, 99% used [0x00000000d5580000,0x00000000d617ff20,0x00000000d6180000)
  from space 512K, 87% used [0x00000000d6800000,0x00000000d6870000,0x00000000d6880000)
  to   space 1024K, 0% used [0x00000000d6880000,0x00000000d6880000,0x00000000d6980000)
 ParOldGen       total 519680K, used 518367K [0x0000000080000000, 0x000000009fb80000, 0x00000000d5580000)
  object space 519680K, 99% used [0x0000000080000000,0x000000009fa37c20,0x000000009fb80000)
 Metaspace       used 67873K, committed 69568K, reserved 1114112K
  class space    used 7067K, committed 7808K, reserved 1048576K
}
Event: 305.422 GC heap after
{Heap after GC invocations=645 (full 3):
 PSYoungGen      total 13312K, used 629K [0x00000000d5580000, 0x00000000d6980000, 0x0000000100000000)
  eden space 12288K, 0% used [0x00000000d5580000,0x00000000d5580000,0x00000000d6180000)
  from space 1024K, 61% used [0x00000000d6880000,0x00000000d691d468,0x00000000d6980000)
  to   space 1024K, 0% used [0x00000000d6780000,0x00000000d6780000,0x00000000d6880000)
 ParOldGen       total 519680K, used 518664K [0x0000000080000000, 0x000000009fb80000, 0x00000000d5580000)
  object space 519680K, 99% used [0x0000000080000000,0x000000009fa82090,0x000000009fb80000)
 Metaspace       used 67873K, committed 69568K, reserved 1114112K
  class space    used 7067K, committed 7808K, reserved 1048576K
}
Event: 390.905 GC heap before
{Heap before GC invocations=646 (full 3):
 PSYoungGen      total 13312K, used 12917K [0x00000000d5580000, 0x00000000d6980000, 0x0000000100000000)
  eden space 12288K, 100% used [0x00000000d5580000,0x00000000d6180000,0x00000000d6180000)
  from space 1024K, 61% used [0x00000000d6880000,0x00000000d691d468,0x00000000d6980000)
  to   space 1024K, 0% used [0x00000000d6780000,0x00000000d6780000,0x00000000d6880000)
 ParOldGen       total 543232K, used 541704K [0x0000000080000000, 0x00000000a1280000, 0x00000000d5580000)
  object space 543232K, 99% used [0x0000000080000000,0x00000000a11020b0,0x00000000a1280000)
 Metaspace       used 67899K, committed 69632K, reserved 1114112K
  class space    used 7067K, committed 7808K, reserved 1048576K
}
Event: 390.907 GC heap after
{Heap after GC invocations=646 (full 3):
 PSYoungGen      total 13312K, used 352K [0x00000000d5580000, 0x00000000d6900000, 0x0000000100000000)
  eden space 12288K, 0% used [0x00000000d5580000,0x00000000d5580000,0x00000000d6180000)
  from space 1024K, 34% used [0x00000000d6780000,0x00000000d67d8020,0x00000000d6880000)
  to   space 512K, 0% used [0x00000000d6880000,0x00000000d6880000,0x00000000d6900000)
 ParOldGen       total 543232K, used 542141K [0x0000000080000000, 0x00000000a1280000, 0x00000000d5580000)
  object space 543232K, 99% used [0x0000000080000000,0x00000000a116f518,0x00000000a1280000)
 Metaspace       used 67899K, committed 69632K, reserved 1114112K
  class space    used 7067K, committed 7808K, reserved 1048576K
}
Event: 397.513 GC heap before
{Heap before GC invocations=647 (full 3):
 PSYoungGen      total 13312K, used 12640K [0x00000000d5580000, 0x00000000d6900000, 0x0000000100000000)
  eden space 12288K, 100% used [0x00000000d5580000,0x00000000d6180000,0x00000000d6180000)
  from space 1024K, 34% used [0x00000000d6780000,0x00000000d67d8020,0x00000000d6880000)
  to   space 512K, 0% used [0x00000000d6880000,0x00000000d6880000,0x00000000d6900000)
 ParOldGen       total 566784K, used 565181K [0x0000000080000000, 0x00000000a2980000, 0x00000000d5580000)
  object space 566784K, 99% used [0x0000000080000000,0x00000000a27ef538,0x00000000a2980000)
 Metaspace       used 67933K, committed 69696K, reserved 1114112K
  class space    used 7067K, committed 7808K, reserved 1048576K
}
Event: 397.514 GC heap after
{Heap after GC invocations=647 (full 3):
 PSYoungGen      total 12800K, used 256K [0x00000000d5580000, 0x00000000d6900000, 0x0000000100000000)
  eden space 12288K, 0% used [0x00000000d5580000,0x00000000d5580000,0x00000000d6180000)
  from space 512K, 50% used [0x00000000d6880000,0x00000000d68c0000,0x00000000d6900000)
  to   space 512K, 0% used [0x00000000d6800000,0x00000000d6800000,0x00000000d6880000)
 ParOldGen       total 566784K, used 565317K [0x0000000080000000, 0x00000000a2980000, 0x00000000d5580000)
  object space 566784K, 99% used [0x0000000080000000,0x00000000a2811568,0x00000000a2980000)
 Metaspace       used 67933K, committed 69696K, reserved 1114112K
  class space    used 7067K, committed 7808K, reserved 1048576K
}
Event: 401.351 GC heap before
{Heap before GC invocations=648 (full 3):
 PSYoungGen      total 12800K, used 12544K [0x00000000d5580000, 0x00000000d6900000, 0x0000000100000000)
  eden space 12288K, 100% used [0x00000000d5580000,0x00000000d6180000,0x00000000d6180000)
  from space 512K, 50% used [0x00000000d6880000,0x00000000d68c0000,0x00000000d6900000)
  to   space 512K, 0% used [0x00000000d6800000,0x00000000d6800000,0x00000000d6880000)
 ParOldGen       total 590336K, used 588357K [0x0000000080000000, 0x00000000a4080000, 0x00000000d5580000)
  object space 590336K, 99% used [0x0000000080000000,0x00000000a3e91588,0x00000000a4080000)
 Metaspace       used 67987K, committed 69696K, reserved 1114112K
  class space    used 7067K, committed 7808K, reserved 1048576K
}
Event: 401.352 GC heap after
{Heap after GC invocations=648 (full 3):
 PSYoungGen      total 12800K, used 256K [0x00000000d5580000, 0x00000000d6900000, 0x0000000100000000)
  eden space 12288K, 0% used [0x00000000d5580000,0x00000000d5580000,0x00000000d6180000)
  from space 512K, 50% used [0x00000000d6800000,0x00000000d6840000,0x00000000d6880000)
  to   space 512K, 0% used [0x00000000d6880000,0x00000000d6880000,0x00000000d6900000)
 ParOldGen       total 590336K, used 588397K [0x0000000080000000, 0x00000000a4080000, 0x00000000d5580000)
  object space 590336K, 99% used [0x0000000080000000,0x00000000a3e9b588,0x00000000a4080000)
 Metaspace       used 67987K, committed 69696K, reserved 1114112K
  class space    used 7067K, committed 7808K, reserved 1048576K
}

